{"C:\\belajar Pemrograman\\belajar backend\\jest testing\\Math-API\\src\\MathBasic.js": {"path":"C:\\belajar Pemrograman\\belajar backend\\jest testing\\Math-API\\src\\MathBasic.js","statementMap":{"0":{"start":{"line":1,"column":18},"end":{"line":58,"column":1}},"1":{"start":{"line":3,"column":4},"end":{"line":5,"column":5}},"2":{"start":{"line":4,"column":6},"end":{"line":4,"column":48}},"3":{"start":{"line":7,"column":19},"end":{"line":7,"column":23}},"4":{"start":{"line":9,"column":4},"end":{"line":11,"column":5}},"5":{"start":{"line":10,"column":6},"end":{"line":10,"column":48}},"6":{"start":{"line":13,"column":4},"end":{"line":13,"column":17}},"7":{"start":{"line":16,"column":4},"end":{"line":18,"column":5}},"8":{"start":{"line":17,"column":6},"end":{"line":17,"column":48}},"9":{"start":{"line":20,"column":19},"end":{"line":20,"column":23}},"10":{"start":{"line":22,"column":4},"end":{"line":24,"column":5}},"11":{"start":{"line":23,"column":6},"end":{"line":23,"column":48}},"12":{"start":{"line":26,"column":4},"end":{"line":26,"column":17}},"13":{"start":{"line":30,"column":4},"end":{"line":32,"column":5}},"14":{"start":{"line":31,"column":6},"end":{"line":31,"column":48}},"15":{"start":{"line":34,"column":19},"end":{"line":34,"column":23}},"16":{"start":{"line":36,"column":4},"end":{"line":38,"column":5}},"17":{"start":{"line":37,"column":6},"end":{"line":37,"column":48}},"18":{"start":{"line":40,"column":4},"end":{"line":40,"column":17}},"19":{"start":{"line":44,"column":4},"end":{"line":46,"column":5}},"20":{"start":{"line":45,"column":6},"end":{"line":45,"column":48}},"21":{"start":{"line":48,"column":19},"end":{"line":48,"column":23}},"22":{"start":{"line":50,"column":4},"end":{"line":52,"column":5}},"23":{"start":{"line":51,"column":6},"end":{"line":51,"column":48}},"24":{"start":{"line":54,"column":4},"end":{"line":54,"column":17}},"25":{"start":{"line":60,"column":0},"end":{"line":60,"column":26}}},"fnMap":{"0":{"name":"(anonymous_0)","decl":{"start":{"line":2,"column":7},"end":{"line":2,"column":8}},"loc":{"start":{"line":2,"column":20},"end":{"line":14,"column":3}},"line":2},"1":{"name":"(anonymous_1)","decl":{"start":{"line":15,"column":12},"end":{"line":15,"column":13}},"loc":{"start":{"line":15,"column":25},"end":{"line":28,"column":3}},"line":15},"2":{"name":"(anonymous_2)","decl":{"start":{"line":29,"column":12},"end":{"line":29,"column":13}},"loc":{"start":{"line":29,"column":25},"end":{"line":42,"column":3}},"line":29},"3":{"name":"(anonymous_3)","decl":{"start":{"line":43,"column":10},"end":{"line":43,"column":11}},"loc":{"start":{"line":43,"column":23},"end":{"line":56,"column":3}},"line":43}},"branchMap":{"0":{"loc":{"start":{"line":3,"column":4},"end":{"line":5,"column":5}},"type":"if","locations":[{"start":{"line":3,"column":4},"end":{"line":5,"column":5}},{"start":{},"end":{}}],"line":3},"1":{"loc":{"start":{"line":9,"column":4},"end":{"line":11,"column":5}},"type":"if","locations":[{"start":{"line":9,"column":4},"end":{"line":11,"column":5}},{"start":{},"end":{}}],"line":9},"2":{"loc":{"start":{"line":9,"column":7},"end":{"line":9,"column":53}},"type":"binary-expr","locations":[{"start":{"line":9,"column":7},"end":{"line":9,"column":28}},{"start":{"line":9,"column":32},"end":{"line":9,"column":53}}],"line":9},"3":{"loc":{"start":{"line":16,"column":4},"end":{"line":18,"column":5}},"type":"if","locations":[{"start":{"line":16,"column":4},"end":{"line":18,"column":5}},{"start":{},"end":{}}],"line":16},"4":{"loc":{"start":{"line":22,"column":4},"end":{"line":24,"column":5}},"type":"if","locations":[{"start":{"line":22,"column":4},"end":{"line":24,"column":5}},{"start":{},"end":{}}],"line":22},"5":{"loc":{"start":{"line":22,"column":7},"end":{"line":22,"column":53}},"type":"binary-expr","locations":[{"start":{"line":22,"column":7},"end":{"line":22,"column":28}},{"start":{"line":22,"column":32},"end":{"line":22,"column":53}}],"line":22},"6":{"loc":{"start":{"line":30,"column":4},"end":{"line":32,"column":5}},"type":"if","locations":[{"start":{"line":30,"column":4},"end":{"line":32,"column":5}},{"start":{},"end":{}}],"line":30},"7":{"loc":{"start":{"line":36,"column":4},"end":{"line":38,"column":5}},"type":"if","locations":[{"start":{"line":36,"column":4},"end":{"line":38,"column":5}},{"start":{},"end":{}}],"line":36},"8":{"loc":{"start":{"line":36,"column":7},"end":{"line":36,"column":53}},"type":"binary-expr","locations":[{"start":{"line":36,"column":7},"end":{"line":36,"column":28}},{"start":{"line":36,"column":32},"end":{"line":36,"column":53}}],"line":36},"9":{"loc":{"start":{"line":44,"column":4},"end":{"line":46,"column":5}},"type":"if","locations":[{"start":{"line":44,"column":4},"end":{"line":46,"column":5}},{"start":{},"end":{}}],"line":44},"10":{"loc":{"start":{"line":50,"column":4},"end":{"line":52,"column":5}},"type":"if","locations":[{"start":{"line":50,"column":4},"end":{"line":52,"column":5}},{"start":{},"end":{}}],"line":50},"11":{"loc":{"start":{"line":50,"column":7},"end":{"line":50,"column":53}},"type":"binary-expr","locations":[{"start":{"line":50,"column":7},"end":{"line":50,"column":28}},{"start":{"line":50,"column":32},"end":{"line":50,"column":53}}],"line":50}},"s":{"0":2,"1":13,"2":4,"3":9,"4":9,"5":3,"6":6,"7":10,"8":4,"9":6,"10":6,"11":3,"12":3,"13":13,"14":4,"15":9,"16":9,"17":3,"18":6,"19":11,"20":4,"21":7,"22":7,"23":3,"24":4,"25":2},"f":{"0":13,"1":10,"2":13,"3":11},"b":{"0":[4,9],"1":[3,6],"2":[9,6],"3":[4,6],"4":[3,3],"5":[6,3],"6":[4,9],"7":[3,6],"8":[9,6],"9":[4,7],"10":[3,4],"11":[7,4]},"_coverageSchema":"1a1c01bbd47fc00a2c39e90264f33305004495a9","hash":"3cc52f33271b7f334f007c7383cdd1d4c7e40130"}
,"C:\\belajar Pemrograman\\belajar backend\\jest testing\\Math-API\\src\\figureCalculator.js": {"path":"C:\\belajar Pemrograman\\belajar backend\\jest testing\\Math-API\\src\\figureCalculator.js","statementMap":{"0":{"start":{"line":3,"column":4},"end":{"line":3,"column":32}},"1":{"start":{"line":7,"column":28},"end":{"line":7,"column":32}},"2":{"start":{"line":9,"column":4},"end":{"line":11,"column":5}},"3":{"start":{"line":10,"column":6},"end":{"line":10,"column":61}},"4":{"start":{"line":14,"column":4},"end":{"line":16,"column":5}},"5":{"start":{"line":15,"column":6},"end":{"line":15,"column":64}},"6":{"start":{"line":18,"column":4},"end":{"line":18,"column":75}},"7":{"start":{"line":22,"column":28},"end":{"line":22,"column":32}},"8":{"start":{"line":24,"column":4},"end":{"line":26,"column":5}},"9":{"start":{"line":25,"column":6},"end":{"line":25,"column":61}},"10":{"start":{"line":29,"column":4},"end":{"line":31,"column":5}},"11":{"start":{"line":30,"column":6},"end":{"line":30,"column":64}},"12":{"start":{"line":33,"column":4},"end":{"line":33,"column":51}},"13":{"start":{"line":37,"column":33},"end":{"line":37,"column":37}},"14":{"start":{"line":39,"column":4},"end":{"line":41,"column":5}},"15":{"start":{"line":40,"column":6},"end":{"line":40,"column":58}},"16":{"start":{"line":43,"column":4},"end":{"line":45,"column":5}},"17":{"start":{"line":44,"column":6},"end":{"line":44,"column":74}},"18":{"start":{"line":47,"column":18},"end":{"line":47,"column":51}},"19":{"start":{"line":48,"column":4},"end":{"line":48,"column":42}},"20":{"start":{"line":51,"column":27},"end":{"line":51,"column":31}},"21":{"start":{"line":53,"column":4},"end":{"line":55,"column":5}},"22":{"start":{"line":54,"column":6},"end":{"line":54,"column":58}},"23":{"start":{"line":57,"column":4},"end":{"line":59,"column":5}},"24":{"start":{"line":58,"column":6},"end":{"line":58,"column":63}},"25":{"start":{"line":61,"column":4},"end":{"line":61,"column":76}},"26":{"start":{"line":65,"column":0},"end":{"line":65,"column":34}}},"fnMap":{"0":{"name":"(anonymous_0)","decl":{"start":{"line":2,"column":2},"end":{"line":2,"column":3}},"loc":{"start":{"line":2,"column":25},"end":{"line":4,"column":3}},"line":2},"1":{"name":"(anonymous_1)","decl":{"start":{"line":6,"column":2},"end":{"line":6,"column":3}},"loc":{"start":{"line":6,"column":39},"end":{"line":19,"column":3}},"line":6},"2":{"name":"(anonymous_2)","decl":{"start":{"line":21,"column":2},"end":{"line":21,"column":3}},"loc":{"start":{"line":21,"column":34},"end":{"line":34,"column":3}},"line":21},"3":{"name":"(anonymous_3)","decl":{"start":{"line":36,"column":2},"end":{"line":36,"column":3}},"loc":{"start":{"line":36,"column":38},"end":{"line":49,"column":4}},"line":36},"4":{"name":"(anonymous_4)","decl":{"start":{"line":50,"column":2},"end":{"line":50,"column":3}},"loc":{"start":{"line":50,"column":33},"end":{"line":62,"column":4}},"line":50}},"branchMap":{"0":{"loc":{"start":{"line":9,"column":4},"end":{"line":11,"column":5}},"type":"if","locations":[{"start":{"line":9,"column":4},"end":{"line":11,"column":5}},{"start":{},"end":{}}],"line":9},"1":{"loc":{"start":{"line":14,"column":4},"end":{"line":16,"column":5}},"type":"if","locations":[{"start":{"line":14,"column":4},"end":{"line":16,"column":5}},{"start":{},"end":{}}],"line":14},"2":{"loc":{"start":{"line":14,"column":8},"end":{"line":14,"column":63}},"type":"binary-expr","locations":[{"start":{"line":14,"column":8},"end":{"line":14,"column":34}},{"start":{"line":14,"column":38},"end":{"line":14,"column":63}}],"line":14},"3":{"loc":{"start":{"line":24,"column":4},"end":{"line":26,"column":5}},"type":"if","locations":[{"start":{"line":24,"column":4},"end":{"line":26,"column":5}},{"start":{},"end":{}}],"line":24},"4":{"loc":{"start":{"line":29,"column":4},"end":{"line":31,"column":5}},"type":"if","locations":[{"start":{"line":29,"column":4},"end":{"line":31,"column":5}},{"start":{},"end":{}}],"line":29},"5":{"loc":{"start":{"line":29,"column":8},"end":{"line":29,"column":63}},"type":"binary-expr","locations":[{"start":{"line":29,"column":8},"end":{"line":29,"column":34}},{"start":{"line":29,"column":38},"end":{"line":29,"column":63}}],"line":29},"6":{"loc":{"start":{"line":39,"column":4},"end":{"line":41,"column":5}},"type":"if","locations":[{"start":{"line":39,"column":4},"end":{"line":41,"column":5}},{"start":{},"end":{}}],"line":39},"7":{"loc":{"start":{"line":43,"column":4},"end":{"line":45,"column":5}},"type":"if","locations":[{"start":{"line":43,"column":4},"end":{"line":45,"column":5}},{"start":{},"end":{}}],"line":43},"8":{"loc":{"start":{"line":43,"column":7},"end":{"line":43,"column":89}},"type":"binary-expr","locations":[{"start":{"line":43,"column":7},"end":{"line":43,"column":32}},{"start":{"line":43,"column":36},"end":{"line":43,"column":61}},{"start":{"line":43,"column":65},"end":{"line":43,"column":89}}],"line":43},"9":{"loc":{"start":{"line":53,"column":4},"end":{"line":55,"column":5}},"type":"if","locations":[{"start":{"line":53,"column":4},"end":{"line":55,"column":5}},{"start":{},"end":{}}],"line":53},"10":{"loc":{"start":{"line":57,"column":4},"end":{"line":59,"column":5}},"type":"if","locations":[{"start":{"line":57,"column":4},"end":{"line":59,"column":5}},{"start":{},"end":{}}],"line":57},"11":{"loc":{"start":{"line":57,"column":7},"end":{"line":57,"column":61}},"type":"binary-expr","locations":[{"start":{"line":57,"column":7},"end":{"line":57,"column":31}},{"start":{"line":57,"column":35},"end":{"line":57,"column":61}}],"line":57}},"s":{"0":13,"1":7,"2":7,"3":3,"4":4,"5":3,"6":1,"7":7,"8":7,"9":3,"10":4,"11":3,"12":1,"13":8,"14":8,"15":4,"16":4,"17":3,"18":1,"19":1,"20":7,"21":7,"22":3,"23":4,"24":3,"25":1,"26":1},"f":{"0":13,"1":7,"2":7,"3":8,"4":7},"b":{"0":[3,4],"1":[3,1],"2":[4,1],"3":[3,4],"4":[3,1],"5":[4,1],"6":[4,4],"7":[3,1],"8":[4,1,1],"9":[3,4],"10":[3,1],"11":[4,1]},"_coverageSchema":"1a1c01bbd47fc00a2c39e90264f33305004495a9","hash":"20ffcfc6edccf1737f38845bfb67763364443664"}
}
