TN:
SF:src\MathBasic.js
FN:2,(anonymous_0)
FN:15,(anonymous_1)
FN:29,(anonymous_2)
FN:43,(anonymous_3)
FNF:4
FNH:4
FNDA:13,(anonymous_0)
FNDA:10,(anonymous_1)
FNDA:13,(anonymous_2)
FNDA:11,(anonymous_3)
DA:1,2
DA:3,13
DA:4,4
DA:7,9
DA:9,9
DA:10,3
DA:13,6
DA:16,10
DA:17,4
DA:20,6
DA:22,6
DA:23,3
DA:26,3
DA:30,13
DA:31,4
DA:34,9
DA:36,9
DA:37,3
DA:40,6
DA:44,11
DA:45,4
DA:48,7
DA:50,7
DA:51,3
DA:54,4
DA:60,2
LF:26
LH:26
BRDA:3,0,0,4
BRDA:3,0,1,9
BRDA:9,1,0,3
BRDA:9,1,1,6
BRDA:9,2,0,9
BRDA:9,2,1,6
BRDA:16,3,0,4
BRDA:16,3,1,6
BRDA:22,4,0,3
BRDA:22,4,1,3
BRDA:22,5,0,6
BRDA:22,5,1,3
BRDA:30,6,0,4
BRDA:30,6,1,9
BRDA:36,7,0,3
BRDA:36,7,1,6
BRDA:36,8,0,9
BRDA:36,8,1,6
BRDA:44,9,0,4
BRDA:44,9,1,7
BRDA:50,10,0,3
BRDA:50,10,1,4
BRDA:50,11,0,7
BRDA:50,11,1,4
BRF:24
BRH:24
end_of_record
TN:
SF:src\figureCalculator.js
FN:2,(anonymous_0)
FN:6,(anonymous_1)
FN:21,(anonymous_2)
FN:36,(anonymous_3)
FN:50,(anonymous_4)
FNF:5
FNH:5
FNDA:13,(anonymous_0)
FNDA:7,(anonymous_1)
FNDA:7,(anonymous_2)
FNDA:8,(anonymous_3)
FNDA:7,(anonymous_4)
DA:3,13
DA:7,7
DA:9,7
DA:10,3
DA:14,4
DA:15,3
DA:18,1
DA:22,7
DA:24,7
DA:25,3
DA:29,4
DA:30,3
DA:33,1
DA:37,8
DA:39,8
DA:40,4
DA:43,4
DA:44,3
DA:47,1
DA:48,1
DA:51,7
DA:53,7
DA:54,3
DA:57,4
DA:58,3
DA:61,1
DA:65,1
LF:27
LH:27
BRDA:9,0,0,3
BRDA:9,0,1,4
BRDA:14,1,0,3
BRDA:14,1,1,1
BRDA:14,2,0,4
BRDA:14,2,1,1
BRDA:24,3,0,3
BRDA:24,3,1,4
BRDA:29,4,0,3
BRDA:29,4,1,1
BRDA:29,5,0,4
BRDA:29,5,1,1
BRDA:39,6,0,4
BRDA:39,6,1,4
BRDA:43,7,0,3
BRDA:43,7,1,1
BRDA:43,8,0,4
BRDA:43,8,1,1
BRDA:43,8,2,1
BRDA:53,9,0,3
BRDA:53,9,1,4
BRDA:57,10,0,3
BRDA:57,10,1,1
BRDA:57,11,0,4
BRDA:57,11,1,1
BRF:25
BRH:25
end_of_record
